22:59:10.282 [main] INFO  testCases.TC001_AccountRegistrationTest - Setting up test on OS: Windows using Browser: chrome
23:02:10.863 [main] INFO  testCases.TC002_LoginTest - Setting up test on OS: Windows using Browser: chrome
23:02:25.431 [main] DEBUG org.testng.TestNG - suiteXmlPath: "C:\Users\Nitheesh Kumar\eclipse-workspace\OpencartV121\master.xml"
23:02:25.863 [main] INFO  testCases.TC001_AccountRegistrationTest - Setting up test on OS: Windows using Browser: chrome
23:02:31.398 [main] INFO  testCases.TC001_AccountRegistrationTest - Navigated to application successfully
23:02:31.421 [main] INFO  testCases.TC001_AccountRegistrationTest - **** Starting TC001_AccountRegistrationTest *****
23:02:31.615 [main] INFO  testCases.TC001_AccountRegistrationTest - Clicked on MyAccount Link
23:02:32.448 [main] INFO  testCases.TC001_AccountRegistrationTest - Clicked on Register Link
23:02:32.483 [main] INFO  testCases.TC001_AccountRegistrationTest - Providing customer details...
23:02:44.533 [main] INFO  testCases.TC001_AccountRegistrationTest - No popup appeared.
23:02:44.631 [main] INFO  testCases.TC001_AccountRegistrationTest - Confirmation message displayed: Your Account Has Been Created!
23:02:44.631 [main] INFO  testCases.TC001_AccountRegistrationTest - Account successfully created.
23:02:44.633 [main] INFO  testCases.TC001_AccountRegistrationTest - ***** Finished TC001_AccountRegistrationTest *****
23:02:44.896 [main] INFO  testCases.TC001_AccountRegistrationTest - Browser closed successfully.
23:02:44.899 [main] INFO  testCases.TC002_LoginTest - Setting up test on OS: Windows using Browser: chrome
23:02:48.271 [main] INFO  testCases.TC002_LoginTest - Navigated to application successfully
23:02:48.273 [main] INFO  testCases.TC002_LoginTest - ** Startign TC_002_LoginTest ***
23:02:50.297 [main] INFO  testCases.TC002_LoginTest - *Finished TC_002_LoginTest***
23:02:50.528 [main] INFO  testCases.TC002_LoginTest - Browser closed successfully.
23:05:59.267 [main] DEBUG org.testng.TestNG - suiteXmlPath: "C:\Users\Nitheesh Kumar\eclipse-workspace\OpencartV121\master.xml"
23:05:59.692 [main] INFO  testCases.TC001_AccountRegistrationTest - Setting up test on OS: Windows using Browser: chrome
23:06:03.719 [main] INFO  testCases.TC001_AccountRegistrationTest - Navigated to application successfully
23:06:03.739 [main] INFO  testCases.TC001_AccountRegistrationTest - **** Starting TC001_AccountRegistrationTest *****
23:06:03.915 [main] INFO  testCases.TC001_AccountRegistrationTest - Clicked on MyAccount Link
23:06:04.753 [main] INFO  testCases.TC001_AccountRegistrationTest - Clicked on Register Link
23:06:04.756 [main] INFO  testCases.TC001_AccountRegistrationTest - Providing customer details...
23:06:16.619 [main] INFO  testCases.TC001_AccountRegistrationTest - No popup appeared.
23:06:16.709 [main] INFO  testCases.TC001_AccountRegistrationTest - Confirmation message displayed: Your Account Has Been Created!
23:06:16.709 [main] INFO  testCases.TC001_AccountRegistrationTest - Account successfully created.
23:06:16.713 [main] INFO  testCases.TC001_AccountRegistrationTest - ***** Finished TC001_AccountRegistrationTest *****
23:06:17.000 [main] INFO  testCases.TC001_AccountRegistrationTest - Browser closed successfully.
23:06:17.006 [main] INFO  testCases.TC002_LoginTest - Setting up test on OS: Windows using Browser: chrome
23:06:20.382 [main] INFO  testCases.TC002_LoginTest - Navigated to application successfully
23:06:20.385 [main] INFO  testCases.TC002_LoginTest - ** Startign TC_002_LoginTest ***
23:06:22.438 [main] INFO  testCases.TC002_LoginTest - *Finished TC_002_LoginTest***
23:06:22.665 [main] INFO  testCases.TC002_LoginTest - Browser closed successfully.
22:48:43.747 [main] DEBUG org.testng.TestNG - suiteXmlPath: "C:\Users\Nitheesh Kumar\eclipse-workspace\OpencartV121\master.xml"
22:48:44.283 [main] INFO  testCases.TC001_AccountRegistrationTest - Setting up test on OS: Windows using Browser: chrome
22:48:49.796 [main] INFO  testCases.TC001_AccountRegistrationTest - Navigated to application successfully
22:48:49.819 [main] INFO  testCases.TC001_AccountRegistrationTest - **** Starting TC001_AccountRegistrationTest *****
22:48:49.957 [main] INFO  testCases.TC001_AccountRegistrationTest - Clicked on MyAccount Link
22:48:50.670 [main] INFO  testCases.TC001_AccountRegistrationTest - Clicked on Register Link
22:48:50.673 [main] INFO  testCases.TC001_AccountRegistrationTest - Providing customer details...
22:49:02.598 [main] INFO  testCases.TC001_AccountRegistrationTest - No popup appeared.
22:49:02.670 [main] INFO  testCases.TC001_AccountRegistrationTest - Confirmation message displayed: Your Account Has Been Created!
22:49:02.670 [main] INFO  testCases.TC001_AccountRegistrationTest - Account successfully created.
22:49:02.670 [main] INFO  testCases.TC001_AccountRegistrationTest - ***** Finished TC001_AccountRegistrationTest *****
22:49:02.916 [main] INFO  testCases.TC001_AccountRegistrationTest - Browser closed successfully.
