22:41:13.469 [TestNG-tests-2] INFO  testCases.TC001_AccountRegistrationTest - Clicked on MyAccount Link
22:41:14.368 [TestNG-tests-2] INFO  testCases.TC001_AccountRegistrationTest - Clicked on Register Link
22:41:14.370 [TestNG-tests-2] INFO  testCases.TC001_AccountRegistrationTest - Providing customer details...
22:41:24.419 [TestNG-tests-1] INFO  testCases.TC001_AccountRegistrationTest - No popup appeared.
22:41:45.095 [TestNG-tests-1] ERROR testCases.TC001_AccountRegistrationTest - Test failed due to exception: Expected condition failed: waiting for visibility of element located by By.xpath: //h1[normalize-space()='Your Account Has Been Created!'] (tried for 15 second(s) with 500 milliseconds interval)
Build info: version: '4.37.0', revision: '3c1da1e342'
System info: os.name: 'Windows 11', os.arch: 'amd64', os.version: '10.0', java.version: '21.0.8'
Driver info: org.openqa.selenium.remote.RemoteWebDriver
Capabilities {acceptInsecureCerts: false, browserName: MicrosoftEdge, browserVersion: 141.0.3537.99, fedcm:accounts: true, ms:edgeOptions: {debuggerAddress: localhost:64747}, msedge: {msedgedriverVersion: 141.0.3537.99 (1b2f83d6a142..., userDataDir: C:\Users\NITHEE~1\AppData\L...}, networkConnectionEnabled: false, pageLoadStrategy: normal, platformName: Windows 11, proxy: Proxy(), se:bidiEnabled: false, se:cdp: ws://192.168.1.54:4444/sess..., se:cdpVersion: 141.0.3537.99, setWindowRect: true, strictFileInteractability: false, timeouts: {implicit: 0, pageLoad: 300000, script: 30000}, unhandledPromptBehavior: dismiss and notify, webauthn:extension:credBlob: true, webauthn:extension:largeBlob: true, webauthn:extension:minPinLength: true, webauthn:extension:prf: true, webauthn:virtualAuthenticators: true}
Session ID: 3da17264b4d292e7a7e4294452f7fc51
22:41:45.690 [TestNG-tests-2] ERROR testCases.TC001_AccountRegistrationTest - Test failed due to exception: Unable to execute request for an existing session: java.io.IOException: Task jdk.internal.net.http.common.SequentialScheduler$SchedulableTask@78dbf84 rejected from java.util.concurrent.ThreadPoolExecutor@4adda893[Shutting down, pool size = 2, active threads = 2, queued tasks = 0, completed tasks = 146]
Build info: version: '4.37.0', revision: '3c1da1e342'
System info: os.name: 'Windows 11', os.arch: 'amd64', os.version: '10.0', java.version: '21.0.8'
Driver info: org.openqa.selenium.remote.RemoteWebDriver
Command: [3da17264b4d292e7a7e4294452f7fc51, findElement {using=xpath, value=//input[@value='Continue']}]
Capabilities {acceptInsecureCerts: false, browserName: MicrosoftEdge, browserVersion: 141.0.3537.99, fedcm:accounts: true, ms:edgeOptions: {debuggerAddress: localhost:64747}, msedge: {msedgedriverVersion: 141.0.3537.99 (1b2f83d6a142..., userDataDir: C:\Users\NITHEE~1\AppData\L...}, networkConnectionEnabled: false, pageLoadStrategy: normal, platformName: Windows 11, proxy: Proxy(), se:bidiEnabled: false, se:cdp: ws://192.168.1.54:4444/sess..., se:cdpVersion: 141.0.3537.99, setWindowRect: true, strictFileInteractability: false, timeouts: {implicit: 0, pageLoad: 300000, script: 30000}, unhandledPromptBehavior: dismiss and notify, webauthn:extension:credBlob: true, webauthn:extension:largeBlob: true, webauthn:extension:minPinLength: true, webauthn:extension:prf: true, webauthn:virtualAuthenticators: true}
Session ID: 3da17264b4d292e7a7e4294452f7fc51
22:41:45.702 [TestNG-tests-1] INFO  testCases.TC001_AccountRegistrationTest - Browser closed successfully.
22:41:45.706 [TestNG-tests-2] INFO  testCases.TC001_AccountRegistrationTest - Browser closed successfully.
22:46:53.230 [main] DEBUG org.testng.TestNG - suiteXmlPath: "C:\Users\Nitheesh Kumar\eclipse-workspace\OpencartV121\src\test\resources\CrossBrowserTesting.xml"
22:46:53.484 [main] INFO  org.testng.internal.Utils - [TestNG] Running:
  C:\Users\Nitheesh Kumar\eclipse-workspace\OpencartV121\src\test\resources\CrossBrowserTesting.xml

22:46:53.743 [TestNG-tests-1] INFO  testCases.TC001_AccountRegistrationTest - Setting up test on OS: Windows using Browser: chrome
22:46:53.743 [TestNG-tests-3] INFO  testCases.TC001_AccountRegistrationTest - Setting up test on OS: Windows using Browser: firefox
22:46:53.743 [TestNG-tests-2] INFO  testCases.TC001_AccountRegistrationTest - Setting up test on OS: Windows using Browser: edge
22:46:58.753 [TestNG-tests-2] INFO  testCases.TC001_AccountRegistrationTest - Navigated to application successfully
22:46:58.757 [TestNG-tests-2] INFO  testCases.TC001_AccountRegistrationTest - **** Starting TC001_AccountRegistrationTest *****
22:46:58.979 [TestNG-tests-2] INFO  testCases.TC001_AccountRegistrationTest - Clicked on MyAccount Link
22:46:59.780 [TestNG-tests-2] INFO  testCases.TC001_AccountRegistrationTest - Clicked on Register Link
22:46:59.780 [TestNG-tests-2] INFO  testCases.TC001_AccountRegistrationTest - Providing customer details...
22:47:03.669 [TestNG-tests-1] INFO  testCases.TC001_AccountRegistrationTest - Navigated to application successfully
22:47:03.678 [TestNG-tests-1] INFO  testCases.TC001_AccountRegistrationTest - **** Starting TC001_AccountRegistrationTest *****
