19:11:08.138 [main] INFO  testCases.TC001_AccountRegistrationTest - **** Starting TC001_AccountRegistrationTest *****
19:11:08.330 [main] INFO  testCases.TC001_AccountRegistrationTest - Clicked on MyAccount Link
19:11:09.062 [main] INFO  testCases.TC001_AccountRegistrationTest - Clicked on Register Link
19:11:09.062 [main] INFO  testCases.TC001_AccountRegistrationTest - Providing customer details...
19:11:20.691 [main] INFO  testCases.TC001_AccountRegistrationTest - No popup appeared.
19:11:20.756 [main] INFO  testCases.TC001_AccountRegistrationTest - Confirmation message displayed: Your Account Has Been Created!
19:11:20.757 [main] INFO  testCases.TC001_AccountRegistrationTest - Account successfully created.
19:11:20.757 [main] INFO  testCases.TC001_AccountRegistrationTest - ***** Finished TC001_AccountRegistrationTest *****
19:11:21.552 [main] INFO  testCases.TC001_AccountRegistrationTest - Browser closed successfully.
19:11:21.554 [main] INFO  testCases.TC002_LoginTest - Setting up test on OS: Linux using Browser: firefox
19:11:26.029 [main] INFO  testCases.TC002_LoginTest - Navigated to application successfully
19:11:26.032 [main] INFO  testCases.TC002_LoginTest - ** Startign TC_002_LoginTest ***
19:11:27.989 [main] INFO  testCases.TC002_LoginTest - *Finished TC_002_LoginTest***
19:11:28.904 [main] INFO  testCases.TC002_LoginTest - Browser closed successfully.
22:07:09.655 [main] DEBUG org.testng.TestNG - suiteXmlPath: "C:\Users\Nitheesh Kumar\eclipse-workspace\OpencartV121\grid-docker.xml"
22:07:10.007 [main] INFO  org.testng.internal.Utils - [TestNG] Running:
  C:\Users\Nitheesh Kumar\eclipse-workspace\OpencartV121\grid-docker.xml

22:07:10.320 [main] INFO  testCases.TC001_AccountRegistrationTest - Setting up test on OS: Linux using Browser: chrome
22:07:17.708 [main] INFO  testCases.TC001_AccountRegistrationTest - Navigated to application successfully
22:07:17.761 [main] INFO  testCases.TC001_AccountRegistrationTest - **** Starting TC001_AccountRegistrationTest *****
22:07:18.034 [main] INFO  testCases.TC001_AccountRegistrationTest - Clicked on MyAccount Link
22:07:19.041 [main] INFO  testCases.TC001_AccountRegistrationTest - Clicked on Register Link
22:07:19.046 [main] INFO  testCases.TC001_AccountRegistrationTest - Providing customer details...
22:07:32.055 [main] INFO  testCases.TC001_AccountRegistrationTest - No popup appeared.
22:07:32.148 [main] INFO  testCases.TC001_AccountRegistrationTest - Confirmation message displayed: Your Account Has Been Created!
22:07:32.148 [main] INFO  testCases.TC001_AccountRegistrationTest - Account successfully created.
22:07:32.151 [main] INFO  testCases.TC001_AccountRegistrationTest - ***** Finished TC001_AccountRegistrationTest *****
22:07:32.282 [main] INFO  testCases.TC001_AccountRegistrationTest - Browser closed successfully.
22:07:32.286 [main] INFO  testCases.TC002_LoginTest - Setting up test on OS: Linux using Browser: chrome
22:07:35.018 [main] INFO  testCases.TC002_LoginTest - Navigated to application successfully
22:07:35.025 [main] INFO  testCases.TC002_LoginTest - ** Startign TC_002_LoginTest ***
22:07:37.233 [main] INFO  testCases.TC002_LoginTest - *Finished TC_002_LoginTest***
22:07:37.340 [main] INFO  testCases.TC002_LoginTest - Browser closed successfully.
22:07:39.136 [main] INFO  testCases.TC001_AccountRegistrationTest - Setting up test on OS: Linux using Browser: firefox
22:07:47.101 [main] INFO  testCases.TC001_AccountRegistrationTest - Navigated to application successfully
22:07:47.105 [main] INFO  testCases.TC001_AccountRegistrationTest - **** Starting TC001_AccountRegistrationTest *****
22:07:47.318 [main] INFO  testCases.TC001_AccountRegistrationTest - Clicked on MyAccount Link
22:07:48.014 [main] INFO  testCases.TC001_AccountRegistrationTest - Clicked on Register Link
22:07:48.015 [main] INFO  testCases.TC001_AccountRegistrationTest - Providing customer details...
22:07:59.649 [main] INFO  testCases.TC001_AccountRegistrationTest - No popup appeared.
22:07:59.728 [main] INFO  testCases.TC001_AccountRegistrationTest - Confirmation message displayed: Your Account Has Been Created!
22:07:59.728 [main] INFO  testCases.TC001_AccountRegistrationTest - Account successfully created.
22:07:59.728 [main] INFO  testCases.TC001_AccountRegistrationTest - ***** Finished TC001_AccountRegistrationTest *****
22:08:00.608 [main] INFO  testCases.TC001_AccountRegistrationTest - Browser closed successfully.
22:08:00.612 [main] INFO  testCases.TC002_LoginTest - Setting up test on OS: Linux using Browser: firefox
22:08:05.737 [main] INFO  testCases.TC002_LoginTest - Navigated to application successfully
22:08:05.740 [main] INFO  testCases.TC002_LoginTest - ** Startign TC_002_LoginTest ***
22:08:07.790 [main] INFO  testCases.TC002_LoginTest - *Finished TC_002_LoginTest***
22:08:08.730 [main] INFO  testCases.TC002_LoginTest - Browser closed successfully.
22:59:09.690 [main] DEBUG org.testng.TestNG - suiteXmlPath: "C:\Users\Nitheesh Kumar\eclipse-workspace\OpencartV121\master.xml"
