20:43:01.598 [main] INFO  testCases.TC001_AccountRegistrationTest - No popup appeared.
20:43:01.673 [main] INFO  testCases.TC001_AccountRegistrationTest - Confirmation message displayed: Your Account Has Been Created!
20:43:01.676 [main] INFO  testCases.TC001_AccountRegistrationTest - Account successfully created.
20:43:01.676 [main] INFO  testCases.TC001_AccountRegistrationTest - ***** Finished TC001_AccountRegistrationTest *****
23:04:35.097 [main] DEBUG org.testng.TestNG - suiteXmlPath: "C:\Users\Nitheesh Kumar\eclipse-workspace\OpencartV121\master.xml"
23:04:35.357 [main] INFO  org.testng.internal.Utils - [TestNG] Running:
  C:\Users\Nitheesh Kumar\eclipse-workspace\OpencartV121\master.xml

23:04:35.411 [main] INFO  testCases.TC002_LoginTest - Setting up test on OS: Windows using Browser: chrome
23:04:40.661 [main] INFO  testCases.TC002_LoginTest - Navigated to registration page successfully
23:04:40.681 [main] INFO  testCases.TC002_LoginTest - ** Startign TC_002_LoginTest ***
01:00:39.277 [main] DEBUG org.testng.TestNG - suiteXmlPath: "C:\Users\Nitheesh Kumar\eclipse-workspace\OpencartV121\master.xml"
01:00:39.531 [main] INFO  org.testng.internal.Utils - [TestNG] Running:
  C:\Users\Nitheesh Kumar\eclipse-workspace\OpencartV121\master.xml

01:00:39.598 [main] INFO  testCases.TC002_LoginTest - Setting up test on OS: Windows using Browser: chrome
01:00:43.924 [main] INFO  testCases.TC002_LoginTest - Navigated to registration page successfully
01:00:43.945 [main] INFO  testCases.TC002_LoginTest - ** Startign TC_002_LoginTest ***
01:06:11.638 [main] DEBUG org.testng.TestNG - suiteXmlPath: "C:\Users\Nitheesh Kumar\eclipse-workspace\OpencartV121\master.xml"
01:06:11.869 [main] INFO  org.testng.internal.Utils - [TestNG] Running:
  C:\Users\Nitheesh Kumar\eclipse-workspace\OpencartV121\master.xml

01:06:11.933 [main] INFO  testCases.TC002_LoginTest - Setting up test on OS: Windows using Browser: chrome
01:06:15.504 [main] INFO  testCases.TC002_LoginTest - Navigated to registration page successfully
01:06:15.518 [main] INFO  testCases.TC002_LoginTest - ** Startign TC_002_LoginTest ***
01:06:26.370 [main] ERROR testCases.TC002_LoginTest - Test case failed due to exception: no such element: Unable to locate element: {"method":"link text","selector":"//input[@value='Login']"}
  (Session info: chrome=141.0.7390.108)
For documentation on this error, please visit: https://www.selenium.dev/documentation/webdriver/troubleshooting/errors#nosuchelementexception
Build info: version: '4.37.0', revision: '3c1da1e342'
System info: os.name: 'Windows 11', os.arch: 'amd64', os.version: '10.0', java.version: '21.0.8'
Driver info: org.openqa.selenium.chrome.ChromeDriver
Command: [7e224bd55938015613974c6662cd3b77, findElement {using=link text, value=//input[@value='Login']}]
Capabilities {acceptInsecureCerts: false, browserName: chrome, browserVersion: 141.0.7390.108, chrome: {chromedriverVersion: 141.0.7390.78 (2b53b0e231fc..., userDataDir: C:\Users\NITHEE~1\AppData\L...}, fedcm:accounts: true, goog:chromeOptions: {debuggerAddress: localhost:58235}, networkConnectionEnabled: false, pageLoadStrategy: normal, platformName: windows, proxy: Proxy(), se:cdp: ws://localhost:58235/devtoo..., se:cdpVersion: 141.0.7390.108, setWindowRect: true, strictFileInteractability: false, timeouts: {implicit: 0, pageLoad: 300000, script: 30000}, unhandledPromptBehavior: dismiss and notify, webauthn:extension:credBlob: true, webauthn:extension:largeBlob: true, webauthn:extension:minPinLength: true, webauthn:extension:prf: true, webauthn:virtualAuthenticators: true}
Session ID: 7e224bd55938015613974c6662cd3b77
01:14:31.838 [main] DEBUG org.testng.TestNG - suiteXmlPath: "C:\Users\Nitheesh Kumar\eclipse-workspace\OpencartV121\master.xml"
01:14:32.056 [main] INFO  org.testng.internal.Utils - [TestNG] Running:
  C:\Users\Nitheesh Kumar\eclipse-workspace\OpencartV121\master.xml

01:14:32.121 [main] INFO  testCases.TC002_LoginTest - Setting up test on OS: Windows using Browser: chrome
01:14:35.992 [main] INFO  testCases.TC002_LoginTest - Navigated to registration page successfully
01:17:01.516 [main] DEBUG org.testng.TestNG - suiteXmlPath: "C:\Users\Nitheesh Kumar\eclipse-workspace\OpencartV121\master.xml"
01:17:01.728 [main] INFO  org.testng.internal.Utils - [TestNG] Running:
  C:\Users\Nitheesh Kumar\eclipse-workspace\OpencartV121\master.xml

01:17:01.773 [main] INFO  testCases.TC002_LoginTest - Setting up test on OS: Windows using Browser: chrome
01:17:05.612 [main] INFO  testCases.TC002_LoginTest - Navigated to registration page successfully
01:17:05.636 [main] INFO  testCases.TC002_LoginTest - ** Startign TC_002_LoginTest ***
01:17:07.591 [main] INFO  testCases.TC002_LoginTest - *Finished TC_002_LoginTest***
01:17:50.142 [main] DEBUG org.testng.TestNG - suiteXmlPath: "C:\Users\Nitheesh Kumar\eclipse-workspace\OpencartV121\master.xml"
01:17:50.361 [main] INFO  org.testng.internal.Utils - [TestNG] Running:
  C:\Users\Nitheesh Kumar\eclipse-workspace\OpencartV121\master.xml

